The system is: Darwin - 19.6.0 - x86_64
Compiling the C compiler identification source file "CMakeCCompilerId.c" succeeded.
Compiler: /usr/local/opt/llvm/bin/clang 
Build flags: -march=core2;-mtune=haswell;-mssse3;-ftree-vectorize;-fPIC;-fPIE;-fstack-protector-strong;-O2;-pipe;-isystem;/Users/cha/opt/anaconda3/include
Id flags:  

The output was:
0


Compilation of the C compiler identification source "CMakeCCompilerId.c" produced "a.out"

The C compiler identification is Clang, found in "/Users/cha/Doc/Universite/Informatique/MA2/H502- Virtual reality/Projet/build/CMakeFiles/3.25.0/CompilerIdC/a.out"

Compiling the CXX compiler identification source file "CMakeCXXCompilerId.cpp" succeeded.
Compiler: /usr/local/opt/llvm/bin/clang++ 
Build flags: -march=core2;-mtune=haswell;-mssse3;-ftree-vectorize;-fPIC;-fPIE;-fstack-protector-strong;-O2;-pipe;-stdlib=libc++;-fvisibility-inlines-hidden;-std=c++14;-fmessage-length=0;-isystem;/Users/cha/opt/anaconda3/include
Id flags:  

The output was:
0


Compilation of the CXX compiler identification source "CMakeCXXCompilerId.cpp" produced "a.out"

The CXX compiler identification is Clang, found in "/Users/cha/Doc/Universite/Informatique/MA2/H502- Virtual reality/Projet/build/CMakeFiles/3.25.0/CompilerIdCXX/a.out"

Detecting C compiler ABI info compiled with the following output:
Change Dir: /Users/cha/Doc/Universite/Informatique/MA2/H502- Virtual reality/Projet/build/CMakeFiles/CMakeScratch/TryCompile-4ahUv5

Run Build Command(s):/usr/bin/make -f Makefile cmTC_0d02a/fast && /Library/Developer/CommandLineTools/usr/bin/make  -f CMakeFiles/cmTC_0d02a.dir/build.make CMakeFiles/cmTC_0d02a.dir/build
Building C object CMakeFiles/cmTC_0d02a.dir/CMakeCCompilerABI.c.o
/usr/local/opt/llvm/bin/clang   -march=core2 -mtune=haswell -mssse3 -ftree-vectorize -fPIC -fPIE -fstack-protector-strong -O2 -pipe -isystem /Users/cha/opt/anaconda3/include  -isysroot /Library/Developer/CommandLineTools/SDKs/MacOSX10.15.sdk   -v -Wl,-v -MD -MT CMakeFiles/cmTC_0d02a.dir/CMakeCCompilerABI.c.o -MF CMakeFiles/cmTC_0d02a.dir/CMakeCCompilerABI.c.o.d -o CMakeFiles/cmTC_0d02a.dir/CMakeCCompilerABI.c.o -c /Applications/CMake.app/Contents/share/cmake-3.25/Modules/CMakeCCompilerABI.c
Homebrew clang version 15.0.5
Target: x86_64-apple-darwin19.6.0
Thread model: posix
InstalledDir: /usr/local/opt/llvm/bin
clang-15: warning: -Wl,-v: 'linker' input unused [-Wunused-command-line-argument]
 (in-process)
 "/usr/local/Cellar/llvm/15.0.5/bin/clang-15" -cc1 -triple x86_64-apple-macosx10.15.0 -Wundef-prefix=TARGET_OS_ -Werror=undef-prefix -Wdeprecated-objc-isa-usage -Werror=deprecated-objc-isa-usage -emit-obj --mrelax-relocations -disable-free -clear-ast-before-backend -disable-llvm-verifier -discard-value-names -main-file-name CMakeCCompilerABI.c -mrelocation-model pic -pic-level 2 -mframe-pointer=all -ffp-contract=on -fno-rounding-math -funwind-tables=2 -target-sdk-version=10.15.6 -fcompatibility-qualified-id-block-type-checking -fvisibility-inlines-hidden-static-local-var -target-cpu core2 -target-feature +ssse3 -tune-cpu haswell -mllvm -treat-scalable-fixed-error-as-warning -debugger-tuning=lldb -target-linker-version 609.8 -v "-fcoverage-compilation-dir=/Users/cha/Doc/Universite/Informatique/MA2/H502- Virtual reality/Projet/build/CMakeFiles/CMakeScratch/TryCompile-4ahUv5" -resource-dir /usr/local/Cellar/llvm/15.0.5/lib/clang/15.0.5 -dependency-file CMakeFiles/cmTC_0d02a.dir/CMakeCCompilerABI.c.o.d -MT CMakeFiles/cmTC_0d02a.dir/CMakeCCompilerABI.c.o -sys-header-deps -isystem /Users/cha/opt/anaconda3/include -isysroot /Library/Developer/CommandLineTools/SDKs/MacOSX10.15.sdk -internal-isystem /Library/Developer/CommandLineTools/SDKs/MacOSX10.15.sdk/usr/local/include -internal-isystem /usr/local/Cellar/llvm/15.0.5/lib/clang/15.0.5/include -internal-externc-isystem /Library/Developer/CommandLineTools/SDKs/MacOSX10.15.sdk/usr/include -O2 "-fdebug-compilation-dir=/Users/cha/Doc/Universite/Informatique/MA2/H502- Virtual reality/Projet/build/CMakeFiles/CMakeScratch/TryCompile-4ahUv5" -ferror-limit 19 -stack-protector 2 -fblocks -fencode-extended-block-signature -fregister-global-dtors-with-atexit -fgnuc-version=4.2.1 -fmax-type-align=16 -vectorize-loops -vectorize-slp -D__GCC_HAVE_DWARF2_CFI_ASM=1 -o CMakeFiles/cmTC_0d02a.dir/CMakeCCompilerABI.c.o -x c /Applications/CMake.app/Contents/share/cmake-3.25/Modules/CMakeCCompilerABI.c
clang -cc1 version 15.0.5 based upon LLVM 15.0.5 default target x86_64-apple-darwin19.6.0
ignoring nonexistent directory "/Library/Developer/CommandLineTools/SDKs/MacOSX10.15.sdk/usr/local/include"
ignoring nonexistent directory "/Library/Developer/CommandLineTools/SDKs/MacOSX10.15.sdk/Library/Frameworks"
#include "..." search starts here:
#include <...> search starts here:
 /Users/cha/opt/anaconda3/include
 /usr/local/Cellar/llvm/15.0.5/lib/clang/15.0.5/include
 /Library/Developer/CommandLineTools/SDKs/MacOSX10.15.sdk/usr/include
 /Library/Developer/CommandLineTools/SDKs/MacOSX10.15.sdk/System/Library/Frameworks (framework directory)
End of search list.
Linking C executable cmTC_0d02a
/Applications/CMake.app/Contents/bin/cmake -E cmake_link_script CMakeFiles/cmTC_0d02a.dir/link.txt --verbose=1
/usr/local/opt/llvm/bin/clang -march=core2 -mtune=haswell -mssse3 -ftree-vectorize -fPIC -fPIE -fstack-protector-strong -O2 -pipe -isystem /Users/cha/opt/anaconda3/include  -isysroot /Library/Developer/CommandLineTools/SDKs/MacOSX10.15.sdk -Wl,-search_paths_first -Wl,-headerpad_max_install_names -Wl,-pie -Wl,-headerpad_max_install_names -Wl,-dead_strip_dylibs -Wl,-rpath,/Users/cha/opt/anaconda3/lib -L/Users/cha/opt/anaconda3/lib -v -Wl,-v CMakeFiles/cmTC_0d02a.dir/CMakeCCompilerABI.c.o -o cmTC_0d02a 
Homebrew clang version 15.0.5
Target: x86_64-apple-darwin19.6.0
Thread model: posix
InstalledDir: /usr/local/opt/llvm/bin
 "/usr/bin/ld" -demangle -lto_library /usr/local/Cellar/llvm/15.0.5/lib/libLTO.dylib -dynamic -arch x86_64 -platform_version macos 10.15.0 10.15.6 -pie -syslibroot /Library/Developer/CommandLineTools/SDKs/MacOSX10.15.sdk -o cmTC_0d02a -L/Users/cha/opt/anaconda3/lib -search_paths_first -headerpad_max_install_names -pie -headerpad_max_install_names -dead_strip_dylibs -rpath /Users/cha/opt/anaconda3/lib -v CMakeFiles/cmTC_0d02a.dir/CMakeCCompilerABI.c.o -lSystem /usr/local/Cellar/llvm/15.0.5/lib/clang/15.0.5/lib/darwin/libclang_rt.osx.a
@(#)PROGRAM:ld  PROJECT:ld64-609.8
BUILD 15:07:46 Dec 18 2020
configured to support archs: armv6 armv7 armv7s arm64 arm64e arm64_32 i386 x86_64 x86_64h armv6m armv7k armv7m armv7em
Library search paths:
	/Users/cha/opt/anaconda3/lib
	/Library/Developer/CommandLineTools/SDKs/MacOSX10.15.sdk/usr/lib
Framework search paths:
	/Library/Developer/CommandLineTools/SDKs/MacOSX10.15.sdk/System/Library/Frameworks/



Parsed C implicit include dir info from above output: rv=done
  found start of include info
  found start of implicit include info
    add: [/Users/cha/opt/anaconda3/include]
    add: [/usr/local/Cellar/llvm/15.0.5/lib/clang/15.0.5/include]
    add: [/Library/Developer/CommandLineTools/SDKs/MacOSX10.15.sdk/usr/include]
  end of search list found
  collapse include dir [/Users/cha/opt/anaconda3/include] ==> [/Users/cha/opt/anaconda3/include]
  collapse include dir [/usr/local/Cellar/llvm/15.0.5/lib/clang/15.0.5/include] ==> [/usr/local/Cellar/llvm/15.0.5/lib/clang/15.0.5/include]
  collapse include dir [/Library/Developer/CommandLineTools/SDKs/MacOSX10.15.sdk/usr/include] ==> [/Library/Developer/CommandLineTools/SDKs/MacOSX10.15.sdk/usr/include]
  implicit include dirs: [/Users/cha/opt/anaconda3/include;/usr/local/Cellar/llvm/15.0.5/lib/clang/15.0.5/include;/Library/Developer/CommandLineTools/SDKs/MacOSX10.15.sdk/usr/include]


Parsed C implicit link information from above output:
  link line regex: [^( *|.*[/\])(ld|CMAKE_LINK_STARTFILE-NOTFOUND|([^/\]+-)?ld|collect2)[^/\]*( |$)]
  ignore line: [Change Dir: /Users/cha/Doc/Universite/Informatique/MA2/H502- Virtual reality/Projet/build/CMakeFiles/CMakeScratch/TryCompile-4ahUv5]
  ignore line: []
  ignore line: [Run Build Command(s):/usr/bin/make -f Makefile cmTC_0d02a/fast && /Library/Developer/CommandLineTools/usr/bin/make  -f CMakeFiles/cmTC_0d02a.dir/build.make CMakeFiles/cmTC_0d02a.dir/build]
  ignore line: [Building C object CMakeFiles/cmTC_0d02a.dir/CMakeCCompilerABI.c.o]
  ignore line: [/usr/local/opt/llvm/bin/clang   -march=core2 -mtune=haswell -mssse3 -ftree-vectorize -fPIC -fPIE -fstack-protector-strong -O2 -pipe -isystem /Users/cha/opt/anaconda3/include  -isysroot /Library/Developer/CommandLineTools/SDKs/MacOSX10.15.sdk   -v -Wl -v -MD -MT CMakeFiles/cmTC_0d02a.dir/CMakeCCompilerABI.c.o -MF CMakeFiles/cmTC_0d02a.dir/CMakeCCompilerABI.c.o.d -o CMakeFiles/cmTC_0d02a.dir/CMakeCCompilerABI.c.o -c /Applications/CMake.app/Contents/share/cmake-3.25/Modules/CMakeCCompilerABI.c]
  ignore line: [Homebrew clang version 15.0.5]
  ignore line: [Target: x86_64-apple-darwin19.6.0]
  ignore line: [Thread model: posix]
  ignore line: [InstalledDir: /usr/local/opt/llvm/bin]
  ignore line: [clang-15: warning: -Wl -v: 'linker' input unused [-Wunused-command-line-argument]]
  ignore line: [ (in-process)]
  ignore line: [ "/usr/local/Cellar/llvm/15.0.5/bin/clang-15" -cc1 -triple x86_64-apple-macosx10.15.0 -Wundef-prefix=TARGET_OS_ -Werror=undef-prefix -Wdeprecated-objc-isa-usage -Werror=deprecated-objc-isa-usage -emit-obj --mrelax-relocations -disable-free -clear-ast-before-backend -disable-llvm-verifier -discard-value-names -main-file-name CMakeCCompilerABI.c -mrelocation-model pic -pic-level 2 -mframe-pointer=all -ffp-contract=on -fno-rounding-math -funwind-tables=2 -target-sdk-version=10.15.6 -fcompatibility-qualified-id-block-type-checking -fvisibility-inlines-hidden-static-local-var -target-cpu core2 -target-feature +ssse3 -tune-cpu haswell -mllvm -treat-scalable-fixed-error-as-warning -debugger-tuning=lldb -target-linker-version 609.8 -v "-fcoverage-compilation-dir=/Users/cha/Doc/Universite/Informatique/MA2/H502- Virtual reality/Projet/build/CMakeFiles/CMakeScratch/TryCompile-4ahUv5" -resource-dir /usr/local/Cellar/llvm/15.0.5/lib/clang/15.0.5 -dependency-file CMakeFiles/cmTC_0d02a.dir/CMakeCCompilerABI.c.o.d -MT CMakeFiles/cmTC_0d02a.dir/CMakeCCompilerABI.c.o -sys-header-deps -isystem /Users/cha/opt/anaconda3/include -isysroot /Library/Developer/CommandLineTools/SDKs/MacOSX10.15.sdk -internal-isystem /Library/Developer/CommandLineTools/SDKs/MacOSX10.15.sdk/usr/local/include -internal-isystem /usr/local/Cellar/llvm/15.0.5/lib/clang/15.0.5/include -internal-externc-isystem /Library/Developer/CommandLineTools/SDKs/MacOSX10.15.sdk/usr/include -O2 "-fdebug-compilation-dir=/Users/cha/Doc/Universite/Informatique/MA2/H502- Virtual reality/Projet/build/CMakeFiles/CMakeScratch/TryCompile-4ahUv5" -ferror-limit 19 -stack-protector 2 -fblocks -fencode-extended-block-signature -fregister-global-dtors-with-atexit -fgnuc-version=4.2.1 -fmax-type-align=16 -vectorize-loops -vectorize-slp -D__GCC_HAVE_DWARF2_CFI_ASM=1 -o CMakeFiles/cmTC_0d02a.dir/CMakeCCompilerABI.c.o -x c /Applications/CMake.app/Contents/share/cmake-3.25/Modules/CMakeCCompilerABI.c]
  ignore line: [clang -cc1 version 15.0.5 based upon LLVM 15.0.5 default target x86_64-apple-darwin19.6.0]
  ignore line: [ignoring nonexistent directory "/Library/Developer/CommandLineTools/SDKs/MacOSX10.15.sdk/usr/local/include"]
  ignore line: [ignoring nonexistent directory "/Library/Developer/CommandLineTools/SDKs/MacOSX10.15.sdk/Library/Frameworks"]
  ignore line: [#include "..." search starts here:]
  ignore line: [#include <...> search starts here:]
  ignore line: [ /Users/cha/opt/anaconda3/include]
  ignore line: [ /usr/local/Cellar/llvm/15.0.5/lib/clang/15.0.5/include]
  ignore line: [ /Library/Developer/CommandLineTools/SDKs/MacOSX10.15.sdk/usr/include]
  ignore line: [ /Library/Developer/CommandLineTools/SDKs/MacOSX10.15.sdk/System/Library/Frameworks (framework directory)]
  ignore line: [End of search list.]
  ignore line: [Linking C executable cmTC_0d02a]
  ignore line: [/Applications/CMake.app/Contents/bin/cmake -E cmake_link_script CMakeFiles/cmTC_0d02a.dir/link.txt --verbose=1]
  ignore line: [/usr/local/opt/llvm/bin/clang -march=core2 -mtune=haswell -mssse3 -ftree-vectorize -fPIC -fPIE -fstack-protector-strong -O2 -pipe -isystem /Users/cha/opt/anaconda3/include  -isysroot /Library/Developer/CommandLineTools/SDKs/MacOSX10.15.sdk -Wl -search_paths_first -Wl -headerpad_max_install_names -Wl -pie -Wl -headerpad_max_install_names -Wl -dead_strip_dylibs -Wl -rpath /Users/cha/opt/anaconda3/lib -L/Users/cha/opt/anaconda3/lib -v -Wl -v CMakeFiles/cmTC_0d02a.dir/CMakeCCompilerABI.c.o -o cmTC_0d02a ]
  ignore line: [Homebrew clang version 15.0.5]
  ignore line: [Target: x86_64-apple-darwin19.6.0]
  ignore line: [Thread model: posix]
  ignore line: [InstalledDir: /usr/local/opt/llvm/bin]
  link line: [ "/usr/bin/ld" -demangle -lto_library /usr/local/Cellar/llvm/15.0.5/lib/libLTO.dylib -dynamic -arch x86_64 -platform_version macos 10.15.0 10.15.6 -pie -syslibroot /Library/Developer/CommandLineTools/SDKs/MacOSX10.15.sdk -o cmTC_0d02a -L/Users/cha/opt/anaconda3/lib -search_paths_first -headerpad_max_install_names -pie -headerpad_max_install_names -dead_strip_dylibs -rpath /Users/cha/opt/anaconda3/lib -v CMakeFiles/cmTC_0d02a.dir/CMakeCCompilerABI.c.o -lSystem /usr/local/Cellar/llvm/15.0.5/lib/clang/15.0.5/lib/darwin/libclang_rt.osx.a]
    arg [/usr/bin/ld] ==> ignore
    arg [-demangle] ==> ignore
    arg [-lto_library] ==> ignore, skip following value
    arg [/usr/local/Cellar/llvm/15.0.5/lib/libLTO.dylib] ==> skip value of -lto_library
    arg [-dynamic] ==> ignore
    arg [-arch] ==> ignore
    arg [x86_64] ==> ignore
    arg [-platform_version] ==> ignore
    arg [macos] ==> ignore
    arg [10.15.0] ==> ignore
    arg [10.15.6] ==> ignore
    arg [-pie] ==> ignore
    arg [-syslibroot] ==> ignore
    arg [/Library/Developer/CommandLineTools/SDKs/MacOSX10.15.sdk] ==> ignore
    arg [-o] ==> ignore
    arg [cmTC_0d02a] ==> ignore
    arg [-L/Users/cha/opt/anaconda3/lib] ==> dir [/Users/cha/opt/anaconda3/lib]
    arg [-search_paths_first] ==> ignore
    arg [-headerpad_max_install_names] ==> ignore
    arg [-pie] ==> ignore
    arg [-headerpad_max_install_names] ==> ignore
    arg [-dead_strip_dylibs] ==> ignore
    arg [-rpath] ==> ignore
    arg [/Users/cha/opt/anaconda3/lib] ==> ignore
    arg [-v] ==> ignore
    arg [CMakeFiles/cmTC_0d02a.dir/CMakeCCompilerABI.c.o] ==> ignore
    arg [-lSystem] ==> lib [System]
    arg [/usr/local/Cellar/llvm/15.0.5/lib/clang/15.0.5/lib/darwin/libclang_rt.osx.a] ==> lib [/usr/local/Cellar/llvm/15.0.5/lib/clang/15.0.5/lib/darwin/libclang_rt.osx.a]
  Library search paths: [;/Users/cha/opt/anaconda3/lib;/Library/Developer/CommandLineTools/SDKs/MacOSX10.15.sdk/usr/lib]
  Framework search paths: [;/Library/Developer/CommandLineTools/SDKs/MacOSX10.15.sdk/System/Library/Frameworks/]
  remove lib [System]
  remove lib [/usr/local/Cellar/llvm/15.0.5/lib/clang/15.0.5/lib/darwin/libclang_rt.osx.a]
  collapse library dir [/Users/cha/opt/anaconda3/lib] ==> [/Users/cha/opt/anaconda3/lib]
  collapse library dir [/Users/cha/opt/anaconda3/lib] ==> [/Users/cha/opt/anaconda3/lib]
  collapse library dir [/Library/Developer/CommandLineTools/SDKs/MacOSX10.15.sdk/usr/lib] ==> [/Library/Developer/CommandLineTools/SDKs/MacOSX10.15.sdk/usr/lib]
  collapse framework dir [/Library/Developer/CommandLineTools/SDKs/MacOSX10.15.sdk/System/Library/Frameworks/] ==> [/Library/Developer/CommandLineTools/SDKs/MacOSX10.15.sdk/System/Library/Frameworks]
  implicit libs: []
  implicit objs: []
  implicit dirs: [/Users/cha/opt/anaconda3/lib;/Library/Developer/CommandLineTools/SDKs/MacOSX10.15.sdk/usr/lib]
  implicit fwks: [/Library/Developer/CommandLineTools/SDKs/MacOSX10.15.sdk/System/Library/Frameworks]


Detecting CXX compiler ABI info compiled with the following output:
Change Dir: /Users/cha/Doc/Universite/Informatique/MA2/H502- Virtual reality/Projet/build/CMakeFiles/CMakeScratch/TryCompile-vafoMv

Run Build Command(s):/usr/bin/make -f Makefile cmTC_f7822/fast && /Library/Developer/CommandLineTools/usr/bin/make  -f CMakeFiles/cmTC_f7822.dir/build.make CMakeFiles/cmTC_f7822.dir/build
Building CXX object CMakeFiles/cmTC_f7822.dir/CMakeCXXCompilerABI.cpp.o
/usr/local/opt/llvm/bin/clang++   -march=core2 -mtune=haswell -mssse3 -ftree-vectorize -fPIC -fPIE -fstack-protector-strong -O2 -pipe -stdlib=libc++ -fvisibility-inlines-hidden -std=c++14 -fmessage-length=0 -isystem /Users/cha/opt/anaconda3/include  -isysroot /Library/Developer/CommandLineTools/SDKs/MacOSX10.15.sdk   -v -Wl,-v -MD -MT CMakeFiles/cmTC_f7822.dir/CMakeCXXCompilerABI.cpp.o -MF CMakeFiles/cmTC_f7822.dir/CMakeCXXCompilerABI.cpp.o.d -o CMakeFiles/cmTC_f7822.dir/CMakeCXXCompilerABI.cpp.o -c /Applications/CMake.app/Contents/share/cmake-3.25/Modules/CMakeCXXCompilerABI.cpp
Homebrew clang version 15.0.5
Target: x86_64-apple-darwin19.6.0
Thread model: posix
InstalledDir: /usr/local/opt/llvm/bin
clang-15: warning: -Wl,-v: 'linker' input unused [-Wunused-command-line-argument]
 (in-process)
 "/usr/local/Cellar/llvm/15.0.5/bin/clang-15" -cc1 -triple x86_64-apple-macosx10.15.0 -Wundef-prefix=TARGET_OS_ -Werror=undef-prefix -Wdeprecated-objc-isa-usage -Werror=deprecated-objc-isa-usage -emit-obj --mrelax-relocations -disable-free -clear-ast-before-backend -disable-llvm-verifier -discard-value-names -main-file-name CMakeCXXCompilerABI.cpp -mrelocation-model pic -pic-level 2 -mframe-pointer=all -ffp-contract=on -fno-rounding-math -funwind-tables=2 -target-sdk-version=10.15.6 -fcompatibility-qualified-id-block-type-checking -fvisibility-inlines-hidden-static-local-var -target-cpu core2 -target-feature +ssse3 -tune-cpu haswell -mllvm -treat-scalable-fixed-error-as-warning -debugger-tuning=lldb -target-linker-version 609.8 -v "-fcoverage-compilation-dir=/Users/cha/Doc/Universite/Informatique/MA2/H502- Virtual reality/Projet/build/CMakeFiles/CMakeScratch/TryCompile-vafoMv" -resource-dir /usr/local/Cellar/llvm/15.0.5/lib/clang/15.0.5 -dependency-file CMakeFiles/cmTC_f7822.dir/CMakeCXXCompilerABI.cpp.o.d -MT CMakeFiles/cmTC_f7822.dir/CMakeCXXCompilerABI.cpp.o -sys-header-deps -isystem /Users/cha/opt/anaconda3/include -isysroot /Library/Developer/CommandLineTools/SDKs/MacOSX10.15.sdk -stdlib=libc++ -internal-isystem /usr/local/opt/llvm/bin/../include/c++/v1 -internal-isystem /Library/Developer/CommandLineTools/SDKs/MacOSX10.15.sdk/usr/local/include -internal-isystem /usr/local/Cellar/llvm/15.0.5/lib/clang/15.0.5/include -internal-externc-isystem /Library/Developer/CommandLineTools/SDKs/MacOSX10.15.sdk/usr/include -O2 -std=c++14 -fdeprecated-macro "-fdebug-compilation-dir=/Users/cha/Doc/Universite/Informatique/MA2/H502- Virtual reality/Projet/build/CMakeFiles/CMakeScratch/TryCompile-vafoMv" -ferror-limit 19 -fvisibility-inlines-hidden -stack-protector 2 -fblocks -fencode-extended-block-signature -fregister-global-dtors-with-atexit -fgnuc-version=4.2.1 -fcxx-exceptions -fexceptions -fmax-type-align=16 -vectorize-loops -vectorize-slp -D__GCC_HAVE_DWARF2_CFI_ASM=1 -o CMakeFiles/cmTC_f7822.dir/CMakeCXXCompilerABI.cpp.o -x c++ /Applications/CMake.app/Contents/share/cmake-3.25/Modules/CMakeCXXCompilerABI.cpp
clang -cc1 version 15.0.5 based upon LLVM 15.0.5 default target x86_64-apple-darwin19.6.0
ignoring nonexistent directory "/Library/Developer/CommandLineTools/SDKs/MacOSX10.15.sdk/usr/local/include"
ignoring nonexistent directory "/Library/Developer/CommandLineTools/SDKs/MacOSX10.15.sdk/Library/Frameworks"
#include "..." search starts here:
#include <...> search starts here:
 /Users/cha/opt/anaconda3/include
 /usr/local/opt/llvm/bin/../include/c++/v1
 /usr/local/Cellar/llvm/15.0.5/lib/clang/15.0.5/include
 /Library/Developer/CommandLineTools/SDKs/MacOSX10.15.sdk/usr/include
 /Library/Developer/CommandLineTools/SDKs/MacOSX10.15.sdk/System/Library/Frameworks (framework directory)
End of search list.
Linking CXX executable cmTC_f7822
/Applications/CMake.app/Contents/bin/cmake -E cmake_link_script CMakeFiles/cmTC_f7822.dir/link.txt --verbose=1
/usr/local/opt/llvm/bin/clang++ -march=core2 -mtune=haswell -mssse3 -ftree-vectorize -fPIC -fPIE -fstack-protector-strong -O2 -pipe -stdlib=libc++ -fvisibility-inlines-hidden -std=c++14 -fmessage-length=0 -isystem /Users/cha/opt/anaconda3/include  -isysroot /Library/Developer/CommandLineTools/SDKs/MacOSX10.15.sdk -Wl,-search_paths_first -Wl,-headerpad_max_install_names -Wl,-pie -Wl,-headerpad_max_install_names -Wl,-dead_strip_dylibs -Wl,-rpath,/Users/cha/opt/anaconda3/lib -L/Users/cha/opt/anaconda3/lib -v -Wl,-v CMakeFiles/cmTC_f7822.dir/CMakeCXXCompilerABI.cpp.o -o cmTC_f7822 
Homebrew clang version 15.0.5
Target: x86_64-apple-darwin19.6.0
Thread model: posix
InstalledDir: /usr/local/opt/llvm/bin
 "/usr/bin/ld" -demangle -lto_library /usr/local/Cellar/llvm/15.0.5/lib/libLTO.dylib -dynamic -arch x86_64 -platform_version macos 10.15.0 10.15.6 -pie -syslibroot /Library/Developer/CommandLineTools/SDKs/MacOSX10.15.sdk -o cmTC_f7822 -L/Users/cha/opt/anaconda3/lib -search_paths_first -headerpad_max_install_names -pie -headerpad_max_install_names -dead_strip_dylibs -rpath /Users/cha/opt/anaconda3/lib -v CMakeFiles/cmTC_f7822.dir/CMakeCXXCompilerABI.cpp.o -lc++ -lSystem /usr/local/Cellar/llvm/15.0.5/lib/clang/15.0.5/lib/darwin/libclang_rt.osx.a
@(#)PROGRAM:ld  PROJECT:ld64-609.8
BUILD 15:07:46 Dec 18 2020
configured to support archs: armv6 armv7 armv7s arm64 arm64e arm64_32 i386 x86_64 x86_64h armv6m armv7k armv7m armv7em
Library search paths:
	/Users/cha/opt/anaconda3/lib
	/Library/Developer/CommandLineTools/SDKs/MacOSX10.15.sdk/usr/lib
Framework search paths:
	/Library/Developer/CommandLineTools/SDKs/MacOSX10.15.sdk/System/Library/Frameworks/



Parsed CXX implicit include dir info from above output: rv=done
  found start of include info
  found start of implicit include info
    add: [/Users/cha/opt/anaconda3/include]
    add: [/usr/local/opt/llvm/bin/../include/c++/v1]
    add: [/usr/local/Cellar/llvm/15.0.5/lib/clang/15.0.5/include]
    add: [/Library/Developer/CommandLineTools/SDKs/MacOSX10.15.sdk/usr/include]
  end of search list found
  collapse include dir [/Users/cha/opt/anaconda3/include] ==> [/Users/cha/opt/anaconda3/include]
  collapse include dir [/usr/local/opt/llvm/bin/../include/c++/v1] ==> [/usr/local/opt/llvm/include/c++/v1]
  collapse include dir [/usr/local/Cellar/llvm/15.0.5/lib/clang/15.0.5/include] ==> [/usr/local/Cellar/llvm/15.0.5/lib/clang/15.0.5/include]
  collapse include dir [/Library/Developer/CommandLineTools/SDKs/MacOSX10.15.sdk/usr/include] ==> [/Library/Developer/CommandLineTools/SDKs/MacOSX10.15.sdk/usr/include]
  implicit include dirs: [/Users/cha/opt/anaconda3/include;/usr/local/opt/llvm/include/c++/v1;/usr/local/Cellar/llvm/15.0.5/lib/clang/15.0.5/include;/Library/Developer/CommandLineTools/SDKs/MacOSX10.15.sdk/usr/include]


Parsed CXX implicit link information from above output:
  link line regex: [^( *|.*[/\])(ld|CMAKE_LINK_STARTFILE-NOTFOUND|([^/\]+-)?ld|collect2)[^/\]*( |$)]
  ignore line: [Change Dir: /Users/cha/Doc/Universite/Informatique/MA2/H502- Virtual reality/Projet/build/CMakeFiles/CMakeScratch/TryCompile-vafoMv]
  ignore line: []
  ignore line: [Run Build Command(s):/usr/bin/make -f Makefile cmTC_f7822/fast && /Library/Developer/CommandLineTools/usr/bin/make  -f CMakeFiles/cmTC_f7822.dir/build.make CMakeFiles/cmTC_f7822.dir/build]
  ignore line: [Building CXX object CMakeFiles/cmTC_f7822.dir/CMakeCXXCompilerABI.cpp.o]
  ignore line: [/usr/local/opt/llvm/bin/clang++   -march=core2 -mtune=haswell -mssse3 -ftree-vectorize -fPIC -fPIE -fstack-protector-strong -O2 -pipe -stdlib=libc++ -fvisibility-inlines-hidden -std=c++14 -fmessage-length=0 -isystem /Users/cha/opt/anaconda3/include  -isysroot /Library/Developer/CommandLineTools/SDKs/MacOSX10.15.sdk   -v -Wl -v -MD -MT CMakeFiles/cmTC_f7822.dir/CMakeCXXCompilerABI.cpp.o -MF CMakeFiles/cmTC_f7822.dir/CMakeCXXCompilerABI.cpp.o.d -o CMakeFiles/cmTC_f7822.dir/CMakeCXXCompilerABI.cpp.o -c /Applications/CMake.app/Contents/share/cmake-3.25/Modules/CMakeCXXCompilerABI.cpp]
  ignore line: [Homebrew clang version 15.0.5]
  ignore line: [Target: x86_64-apple-darwin19.6.0]
  ignore line: [Thread model: posix]
  ignore line: [InstalledDir: /usr/local/opt/llvm/bin]
  ignore line: [clang-15: warning: -Wl -v: 'linker' input unused [-Wunused-command-line-argument]]
  ignore line: [ (in-process)]
  ignore line: [ "/usr/local/Cellar/llvm/15.0.5/bin/clang-15" -cc1 -triple x86_64-apple-macosx10.15.0 -Wundef-prefix=TARGET_OS_ -Werror=undef-prefix -Wdeprecated-objc-isa-usage -Werror=deprecated-objc-isa-usage -emit-obj --mrelax-relocations -disable-free -clear-ast-before-backend -disable-llvm-verifier -discard-value-names -main-file-name CMakeCXXCompilerABI.cpp -mrelocation-model pic -pic-level 2 -mframe-pointer=all -ffp-contract=on -fno-rounding-math -funwind-tables=2 -target-sdk-version=10.15.6 -fcompatibility-qualified-id-block-type-checking -fvisibility-inlines-hidden-static-local-var -target-cpu core2 -target-feature +ssse3 -tune-cpu haswell -mllvm -treat-scalable-fixed-error-as-warning -debugger-tuning=lldb -target-linker-version 609.8 -v "-fcoverage-compilation-dir=/Users/cha/Doc/Universite/Informatique/MA2/H502- Virtual reality/Projet/build/CMakeFiles/CMakeScratch/TryCompile-vafoMv" -resource-dir /usr/local/Cellar/llvm/15.0.5/lib/clang/15.0.5 -dependency-file CMakeFiles/cmTC_f7822.dir/CMakeCXXCompilerABI.cpp.o.d -MT CMakeFiles/cmTC_f7822.dir/CMakeCXXCompilerABI.cpp.o -sys-header-deps -isystem /Users/cha/opt/anaconda3/include -isysroot /Library/Developer/CommandLineTools/SDKs/MacOSX10.15.sdk -stdlib=libc++ -internal-isystem /usr/local/opt/llvm/bin/../include/c++/v1 -internal-isystem /Library/Developer/CommandLineTools/SDKs/MacOSX10.15.sdk/usr/local/include -internal-isystem /usr/local/Cellar/llvm/15.0.5/lib/clang/15.0.5/include -internal-externc-isystem /Library/Developer/CommandLineTools/SDKs/MacOSX10.15.sdk/usr/include -O2 -std=c++14 -fdeprecated-macro "-fdebug-compilation-dir=/Users/cha/Doc/Universite/Informatique/MA2/H502- Virtual reality/Projet/build/CMakeFiles/CMakeScratch/TryCompile-vafoMv" -ferror-limit 19 -fvisibility-inlines-hidden -stack-protector 2 -fblocks -fencode-extended-block-signature -fregister-global-dtors-with-atexit -fgnuc-version=4.2.1 -fcxx-exceptions -fexceptions -fmax-type-align=16 -vectorize-loops -vectorize-slp -D__GCC_HAVE_DWARF2_CFI_ASM=1 -o CMakeFiles/cmTC_f7822.dir/CMakeCXXCompilerABI.cpp.o -x c++ /Applications/CMake.app/Contents/share/cmake-3.25/Modules/CMakeCXXCompilerABI.cpp]
  ignore line: [clang -cc1 version 15.0.5 based upon LLVM 15.0.5 default target x86_64-apple-darwin19.6.0]
  ignore line: [ignoring nonexistent directory "/Library/Developer/CommandLineTools/SDKs/MacOSX10.15.sdk/usr/local/include"]
  ignore line: [ignoring nonexistent directory "/Library/Developer/CommandLineTools/SDKs/MacOSX10.15.sdk/Library/Frameworks"]
  ignore line: [#include "..." search starts here:]
  ignore line: [#include <...> search starts here:]
  ignore line: [ /Users/cha/opt/anaconda3/include]
  ignore line: [ /usr/local/opt/llvm/bin/../include/c++/v1]
  ignore line: [ /usr/local/Cellar/llvm/15.0.5/lib/clang/15.0.5/include]
  ignore line: [ /Library/Developer/CommandLineTools/SDKs/MacOSX10.15.sdk/usr/include]
  ignore line: [ /Library/Developer/CommandLineTools/SDKs/MacOSX10.15.sdk/System/Library/Frameworks (framework directory)]
  ignore line: [End of search list.]
  ignore line: [Linking CXX executable cmTC_f7822]
  ignore line: [/Applications/CMake.app/Contents/bin/cmake -E cmake_link_script CMakeFiles/cmTC_f7822.dir/link.txt --verbose=1]
  ignore line: [/usr/local/opt/llvm/bin/clang++ -march=core2 -mtune=haswell -mssse3 -ftree-vectorize -fPIC -fPIE -fstack-protector-strong -O2 -pipe -stdlib=libc++ -fvisibility-inlines-hidden -std=c++14 -fmessage-length=0 -isystem /Users/cha/opt/anaconda3/include  -isysroot /Library/Developer/CommandLineTools/SDKs/MacOSX10.15.sdk -Wl -search_paths_first -Wl -headerpad_max_install_names -Wl -pie -Wl -headerpad_max_install_names -Wl -dead_strip_dylibs -Wl -rpath /Users/cha/opt/anaconda3/lib -L/Users/cha/opt/anaconda3/lib -v -Wl -v CMakeFiles/cmTC_f7822.dir/CMakeCXXCompilerABI.cpp.o -o cmTC_f7822 ]
  ignore line: [Homebrew clang version 15.0.5]
  ignore line: [Target: x86_64-apple-darwin19.6.0]
  ignore line: [Thread model: posix]
  ignore line: [InstalledDir: /usr/local/opt/llvm/bin]
  link line: [ "/usr/bin/ld" -demangle -lto_library /usr/local/Cellar/llvm/15.0.5/lib/libLTO.dylib -dynamic -arch x86_64 -platform_version macos 10.15.0 10.15.6 -pie -syslibroot /Library/Developer/CommandLineTools/SDKs/MacOSX10.15.sdk -o cmTC_f7822 -L/Users/cha/opt/anaconda3/lib -search_paths_first -headerpad_max_install_names -pie -headerpad_max_install_names -dead_strip_dylibs -rpath /Users/cha/opt/anaconda3/lib -v CMakeFiles/cmTC_f7822.dir/CMakeCXXCompilerABI.cpp.o -lc++ -lSystem /usr/local/Cellar/llvm/15.0.5/lib/clang/15.0.5/lib/darwin/libclang_rt.osx.a]
    arg [/usr/bin/ld] ==> ignore
    arg [-demangle] ==> ignore
    arg [-lto_library] ==> ignore, skip following value
    arg [/usr/local/Cellar/llvm/15.0.5/lib/libLTO.dylib] ==> skip value of -lto_library
    arg [-dynamic] ==> ignore
    arg [-arch] ==> ignore
    arg [x86_64] ==> ignore
    arg [-platform_version] ==> ignore
    arg [macos] ==> ignore
    arg [10.15.0] ==> ignore
    arg [10.15.6] ==> ignore
    arg [-pie] ==> ignore
    arg [-syslibroot] ==> ignore
    arg [/Library/Developer/CommandLineTools/SDKs/MacOSX10.15.sdk] ==> ignore
    arg [-o] ==> ignore
    arg [cmTC_f7822] ==> ignore
    arg [-L/Users/cha/opt/anaconda3/lib] ==> dir [/Users/cha/opt/anaconda3/lib]
    arg [-search_paths_first] ==> ignore
    arg [-headerpad_max_install_names] ==> ignore
    arg [-pie] ==> ignore
    arg [-headerpad_max_install_names] ==> ignore
    arg [-dead_strip_dylibs] ==> ignore
    arg [-rpath] ==> ignore
    arg [/Users/cha/opt/anaconda3/lib] ==> ignore
    arg [-v] ==> ignore
    arg [CMakeFiles/cmTC_f7822.dir/CMakeCXXCompilerABI.cpp.o] ==> ignore
    arg [-lc++] ==> lib [c++]
    arg [-lSystem] ==> lib [System]
    arg [/usr/local/Cellar/llvm/15.0.5/lib/clang/15.0.5/lib/darwin/libclang_rt.osx.a] ==> lib [/usr/local/Cellar/llvm/15.0.5/lib/clang/15.0.5/lib/darwin/libclang_rt.osx.a]
  Library search paths: [;/Users/cha/opt/anaconda3/lib;/Library/Developer/CommandLineTools/SDKs/MacOSX10.15.sdk/usr/lib]
  Framework search paths: [;/Library/Developer/CommandLineTools/SDKs/MacOSX10.15.sdk/System/Library/Frameworks/]
  remove lib [System]
  remove lib [/usr/local/Cellar/llvm/15.0.5/lib/clang/15.0.5/lib/darwin/libclang_rt.osx.a]
  collapse library dir [/Users/cha/opt/anaconda3/lib] ==> [/Users/cha/opt/anaconda3/lib]
  collapse library dir [/Users/cha/opt/anaconda3/lib] ==> [/Users/cha/opt/anaconda3/lib]
  collapse library dir [/Library/Developer/CommandLineTools/SDKs/MacOSX10.15.sdk/usr/lib] ==> [/Library/Developer/CommandLineTools/SDKs/MacOSX10.15.sdk/usr/lib]
  collapse framework dir [/Library/Developer/CommandLineTools/SDKs/MacOSX10.15.sdk/System/Library/Frameworks/] ==> [/Library/Developer/CommandLineTools/SDKs/MacOSX10.15.sdk/System/Library/Frameworks]
  implicit libs: [c++]
  implicit objs: []
  implicit dirs: [/Users/cha/opt/anaconda3/lib;/Library/Developer/CommandLineTools/SDKs/MacOSX10.15.sdk/usr/lib]
  implicit fwks: [/Library/Developer/CommandLineTools/SDKs/MacOSX10.15.sdk/System/Library/Frameworks]


Performing C SOURCE FILE Test CMAKE_HAVE_LIBC_PTHREAD succeeded with the following output:
Change Dir: /Users/cha/Doc/Universite/Informatique/MA2/H502- Virtual reality/Projet/build/CMakeFiles/CMakeScratch/TryCompile-ncXyt7

Run Build Command(s):/usr/bin/make -f Makefile cmTC_14646/fast && /Library/Developer/CommandLineTools/usr/bin/make  -f CMakeFiles/cmTC_14646.dir/build.make CMakeFiles/cmTC_14646.dir/build
Building C object CMakeFiles/cmTC_14646.dir/src.c.o
/usr/local/opt/llvm/bin/clang -DCMAKE_HAVE_LIBC_PTHREAD  -march=core2 -mtune=haswell -mssse3 -ftree-vectorize -fPIC -fPIE -fstack-protector-strong -O2 -pipe -isystem /Users/cha/opt/anaconda3/include  -isysroot /Library/Developer/CommandLineTools/SDKs/MacOSX10.15.sdk -MD -MT CMakeFiles/cmTC_14646.dir/src.c.o -MF CMakeFiles/cmTC_14646.dir/src.c.o.d -o CMakeFiles/cmTC_14646.dir/src.c.o -c "/Users/cha/Doc/Universite/Informatique/MA2/H502- Virtual reality/Projet/build/CMakeFiles/CMakeScratch/TryCompile-ncXyt7/src.c"
Linking C executable cmTC_14646
/Applications/CMake.app/Contents/bin/cmake -E cmake_link_script CMakeFiles/cmTC_14646.dir/link.txt --verbose=1
/usr/local/opt/llvm/bin/clang -march=core2 -mtune=haswell -mssse3 -ftree-vectorize -fPIC -fPIE -fstack-protector-strong -O2 -pipe -isystem /Users/cha/opt/anaconda3/include  -isysroot /Library/Developer/CommandLineTools/SDKs/MacOSX10.15.sdk -Wl,-search_paths_first -Wl,-headerpad_max_install_names -Wl,-pie -Wl,-headerpad_max_install_names -Wl,-dead_strip_dylibs -Wl,-rpath,/Users/cha/opt/anaconda3/lib -L/Users/cha/opt/anaconda3/lib  CMakeFiles/cmTC_14646.dir/src.c.o -o cmTC_14646 


Source file was:
#include <pthread.h>

static void* test_func(void* data)
{
  return data;
}

int main(void)
{
  pthread_t thread;
  pthread_create(&thread, NULL, test_func, NULL);
  pthread_detach(thread);
  pthread_cancel(thread);
  pthread_join(thread, NULL);
  pthread_atfork(NULL, NULL, NULL);
  pthread_exit(NULL);

  return 0;
}


